<?xml version="1.0" encoding="UTF-8"?>
<!-- Generated by org.testng.reporters.JUnitXMLReporter -->
<testsuite ignored="0" hostname="DESKTOP-DJ4FDME" failures="0" tests="3" name="Default test" time="18.326" errors="0" timestamp="2023-10-31T21:04:08 IST">
  <testcase classname="org.xyz.auto.fb.testcases.LoginScenario_DDF" name="loginfunc" time="8.789"/>
  <testcase classname="org.xyz.auto.fb.testcases.LoginScenario_DDF" name="loginfunc" time="0.324"/>
  <testcase classname="org.xyz.auto.fb.testcases.LoginScenario_DDF" name="loginfunc" time="0.482"/>
</testsuite> <!-- Default test -->
