<?xml version="1.0" encoding="UTF-8"?>
<!-- Generated by org.testng.reporters.JUnitXMLReporter -->
<testsuite ignored="2" hostname="DESKTOP-DJ4FDME" failures="0" tests="2" name="Test" time="13.272" errors="0" timestamp="2023-10-23T20:37:13 IST">
  <testcase classname="automation.KeyboardMouse" name="handlealerts" time="6.124"/>
  <testcase classname="automation.KeyboardMouse" name="handleframes" time="7.051"/>
  <testcase classname="automation.KeyboardMouse" name="keyboarddemo" time="0.0">
    <ignored/>
  </testcase> <!-- keyboarddemo -->
  <testcase classname="automation.KeyboardMouse" name="mousedemo" time="0.0">
    <ignored/>
  </testcase> <!-- mousedemo -->
</testsuite> <!-- Test -->
