<?xml version="1.0" encoding="UTF-8"?>
<!-- Generated by org.testng.reporters.JUnitXMLReporter -->
<testsuite ignored="28" hostname="DESKTOP-DJ4FDME" failures="4" tests="4" name="Test(failed)" time="0.111" errors="0" timestamp="2023-10-10T20:14:46 IST">
  <testcase classname="learnTestNG.TestScenario6" name="third_testcase" time="0.024">
    <failure type="java.lang.AssertionError" message="expected [Hello] but found [Hello1]">
      <![CDATA[java.lang.AssertionError: expected [Hello] but found [Hello1]
at learnTestNG.TestScenario6.third_testcase(TestScenario6.java:29)
at java.base/java.util.ArrayList.forEach(ArrayList.java:1511)
... Removed 33 stack frames]]>
    </failure>
  </testcase> <!-- third_testcase -->
  <testcase classname="learnTestNG.TestScenario3" name="forth_testcase" time="0.002">
    <failure type="java.lang.AssertionError" message="expected [Hello] but found [Hello1]">
      <![CDATA[java.lang.AssertionError: expected [Hello] but found [Hello1]
at learnTestNG.TestScenario3.forth_testcase(TestScenario3.java:35)
at java.base/java.util.ArrayList.forEach(ArrayList.java:1511)
... Removed 33 stack frames]]>
    </failure>
  </testcase> <!-- forth_testcase -->
  <testcase classname="learnTestNG.TestScenario1" name="first_testcase" time="0.002">
    <failure type="java.lang.AssertionError" message="expected [Hello] but found [Hello1]">
      <![CDATA[java.lang.AssertionError: expected [Hello] but found [Hello1]
at learnTestNG.TestScenario1.first_testcase(TestScenario1.java:18)
at java.base/java.util.ArrayList.forEach(ArrayList.java:1511)
... Removed 33 stack frames]]>
    </failure>
  </testcase> <!-- first_testcase -->
  <testcase classname="learnTestNG.TestScenario8" name="second_testcase" time="0.001">
    <failure type="java.lang.AssertionError" message="expected [Hello] but found [Hello1]">
      <![CDATA[java.lang.AssertionError: expected [Hello] but found [Hello1]
at learnTestNG.TestScenario8.second_testcase(TestScenario8.java:23)
at java.base/java.util.ArrayList.forEach(ArrayList.java:1511)
... Removed 33 stack frames]]>
    </failure>
  </testcase> <!-- second_testcase -->
  <testcase classname="learnTestNG.TestScenario8" name="eight_testcase" time="0.0">
    <ignored/>
  </testcase> <!-- eight_testcase -->
  <testcase classname="learnTestNG.TestScenario3" name="eight_testcase" time="0.0">
    <ignored/>
  </testcase> <!-- eight_testcase -->
  <testcase classname="learnTestNG.TestScenario8" name="first_testcase" time="0.0">
    <ignored/>
  </testcase> <!-- first_testcase -->
  <testcase classname="learnTestNG.TestScenario6" name="seven_testcase" time="0.0">
    <ignored/>
  </testcase> <!-- seven_testcase -->
  <testcase classname="learnTestNG.TestScenario3" name="seven_testcase" time="0.0">
    <ignored/>
  </testcase> <!-- seven_testcase -->
  <testcase classname="learnTestNG.TestScenario8" name="fifth_testcase" time="0.0">
    <ignored/>
  </testcase> <!-- fifth_testcase -->
  <testcase classname="learnTestNG.TestScenario8" name="sixth_testcase" time="0.0">
    <ignored/>
  </testcase> <!-- sixth_testcase -->
  <testcase classname="learnTestNG.TestScenario3" name="second_testcase" time="0.0">
    <ignored/>
  </testcase> <!-- second_testcase -->
  <testcase classname="learnTestNG.TestScenario3" name="fifth_testcase" time="0.0">
    <ignored/>
  </testcase> <!-- fifth_testcase -->
  <testcase classname="learnTestNG.TestScenario1" name="sixth_testcase" time="0.0">
    <ignored/>
  </testcase> <!-- sixth_testcase -->
  <testcase classname="learnTestNG.TestScenario3" name="sixth_testcase" time="0.0">
    <ignored/>
  </testcase> <!-- sixth_testcase -->
  <testcase classname="learnTestNG.TestScenario6" name="eight_testcase" time="0.0">
    <ignored/>
  </testcase> <!-- eight_testcase -->
  <testcase classname="learnTestNG.TestScenario6" name="first_testcase" time="0.0">
    <ignored/>
  </testcase> <!-- first_testcase -->
  <testcase classname="learnTestNG.TestScenario8" name="seven_testcase" time="0.0">
    <ignored/>
  </testcase> <!-- seven_testcase -->
  <testcase classname="learnTestNG.TestScenario1" name="forth_testcase" time="0.0">
    <ignored/>
  </testcase> <!-- forth_testcase -->
  <testcase classname="learnTestNG.TestScenario3" name="first_testcase" time="0.0">
    <ignored/>
  </testcase> <!-- first_testcase -->
  <testcase classname="learnTestNG.TestScenario8" name="third_testcase" time="0.0">
    <ignored/>
  </testcase> <!-- third_testcase -->
  <testcase classname="learnTestNG.TestScenario6" name="forth_testcase" time="0.0">
    <ignored/>
  </testcase> <!-- forth_testcase -->
  <testcase classname="learnTestNG.TestScenario1" name="eight_testcase" time="0.0">
    <ignored/>
  </testcase> <!-- eight_testcase -->
  <testcase classname="learnTestNG.TestScenario6" name="second_testcase" time="0.0">
    <ignored/>
  </testcase> <!-- second_testcase -->
  <testcase classname="learnTestNG.TestScenario1" name="seven_testcase" time="0.0">
    <ignored/>
  </testcase> <!-- seven_testcase -->
  <testcase classname="learnTestNG.TestScenario1" name="third_testcase" time="0.0">
    <ignored/>
  </testcase> <!-- third_testcase -->
  <testcase classname="learnTestNG.TestScenario8" name="forth_testcase" time="0.0">
    <ignored/>
  </testcase> <!-- forth_testcase -->
  <testcase classname="learnTestNG.TestScenario6" name="sixth_testcase" time="0.0">
    <ignored/>
  </testcase> <!-- sixth_testcase -->
  <testcase classname="learnTestNG.TestScenario1" name="second_testcase" time="0.0">
    <ignored/>
  </testcase> <!-- second_testcase -->
  <testcase classname="learnTestNG.TestScenario1" name="fifth_testcase" time="0.0">
    <ignored/>
  </testcase> <!-- fifth_testcase -->
  <testcase classname="learnTestNG.TestScenario6" name="fifth_testcase" time="0.0">
    <ignored/>
  </testcase> <!-- fifth_testcase -->
  <testcase classname="learnTestNG.TestScenario3" name="third_testcase" time="0.0">
    <ignored/>
  </testcase> <!-- third_testcase -->
</testsuite> <!-- Test(failed) -->
